<?xml version="1.0" encoding="UTF-8"?>
<!-- Generated by org.testng.reporters.JUnitReportReporter -->
<testsuite hostname="DESKTOP-R5BUPRU" failures="0" tests="2" name="test.PimTest" time="3.128" errors="0" timestamp="2022-08-27T01:24:16 IST" skipped="0">
  <testcase classname="test.PimTest" name="verifytextonpimpage" time="2.978"/>
  <system-out/>
  <testcase classname="test.PimTest" name="verifycheckboxselection" time="0.150"/>
  <system-out/>
</testsuite> <!-- test.PimTest -->
