<?xml version="1.0" encoding="UTF-8"?>
<!-- Generated by org.testng.reporters.JUnitReportReporter -->
<testsuite hostname="DESKTOP-R5BUPRU" failures="0" tests="3" name="test.LoginTest" time="1.405" errors="0" timestamp="2022-08-27T01:23:24 IST" skipped="0">
  <testcase classname="test.LoginTest" name="verifyurl" time="0.014"/>
  <system-out/>
  <testcase classname="test.LoginTest" name="verifytextonpage" time="1.089"/>
  <system-out/>
  <testcase classname="test.LoginTest" name="runlogin" time="0.302"/>
  <system-out/>
</testsuite> <!-- test.LoginTest -->
